<?xml version="1.0" encoding="UTF-8"?>
<testsuite xmlns:xsi="http://www.w3.org/2001/XMLSchema-instance" xsi:noNamespaceSchemaLocation="https://maven.apache.org/surefire/maven-surefire-plugin/xsd/surefire-test-report-3.0.xsd" version="3.0" name="CreditAccountTests" time="0.083" tests="8" errors="0" skipped="0" failures="0">
  <properties>
[...]
</properties>
  <testcase name="testPay" classname="CreditAccountTests" time="0.025">
    <system-out><![CDATA[Tests started!
Test started!
Оплачена покупка на 20000. Новое значение баланса после пополнения: -20000.
Test completed!
]]></system-out>
  </testcase>
  <testcase name="testAddMoney" classname="CreditAccountTests" time="0.004">
    <system-out><![CDATA[Test started!
Введна слишком большая сумма пополнения! Необходимо ввести сумму, не превышающую 0!
Test completed!
]]></system-out>
  </testcase>
  <testcase name="testSUTClassIsAccountType" classname="CreditAccountTests" time="0.005">
    <system-out><![CDATA[Test started!
Test completed!
]]></system-out>
  </testcase>
  <testcase name="whenNotNull_thenCorrect" classname="CreditAccountTests" time="0.002">
    <system-out><![CDATA[Test started!
Test completed!
]]></system-out>
  </testcase>
  <testcase name="testAccountAmount" classname="CreditAccountTests" time="0.003">
    <system-out><![CDATA[Test started!
Test completed!
]]></system-out>
  </testcase>
  <testcase name="givenString_whenConditions_thenCorrect" classname="CreditAccountTests" time="0.002">
    <system-out><![CDATA[Test started!
Test completed!
]]></system-out>
  </testcase>
  <testcase name="testTransfer" classname="CreditAccountTests" time="0.008">
    <system-out><![CDATA[Test started!
Новое значение баланса пользователя Иван Иванов после пополнения: 10100.
Деньги в размере 100 успешно переведены пользователю Иван Иванов.
Новое значение баланса пользователя Сидр Сидоров после перевода: -100.
Новое значение баланса пользователя Иван Иванов после пополнения: 10200.
Деньги в размере 100 успешно переведены пользователю Иван Иванов.
Новое значение баланса пользователя Сидр Сидоров после перевода: -200.
Test completed!
]]></system-out>
  </testcase>
  <testcase name="testTransferThrowsNullPointerException" classname="CreditAccountTests" time="0.002">
    <system-out><![CDATA[Test started!
Test completed!
]]></system-out>
  </testcase>
</testsuite>